<?xml version="1.0" encoding="UTF-8"?>
<!-- Generated by org.testng.reporters.JUnitReportReporter -->
<testsuite name="TestNG.ExplicitWait" tests="1" time="7.279" ignored="0" failures="0" timestamp="22 Feb 2017 09:53:54 GMT" skipped="0" hostname="kaushal" errors="0">
  <testcase name="f" time="7.279" classname="TestNG.ExplicitWait"/>
</testsuite> <!-- TestNG.ExplicitWait -->
