<?xml version="1.0" encoding="UTF-8"?>
<!-- Generated by org.testng.reporters.JUnitReportReporter -->
<testsuite name="TestNG.SpiceJetSearch_TEstNG" tests="1" time="28.836" ignored="0" failures="0" timestamp="08 Feb 2017 06:59:00 GMT" skipped="0" hostname="kaushal" errors="0">
  <testcase name="verifySearch" time="28.836" classname="TestNG.SpiceJetSearch_TEstNG"/>
</testsuite> <!-- TestNG.SpiceJetSearch_TEstNG -->
