<?xml version="1.0" encoding="UTF-8"?>
<!-- Generated by org.testng.reporters.JUnitReportReporter -->
<testsuite skipped="0" hostname="kaushal" name="TestNG.HMSLogin" tests="1" failures="0" timestamp="29 May 2017 07:52:41 GMT" time="1.704" errors="0">
  <testcase name="f" time="1.704" classname="TestNG.HMSLogin"/>
</testsuite> <!-- TestNG.HMSLogin -->
