<?xml version="1.0" encoding="UTF-8"?>
<!-- Generated by org.testng.reporters.JUnitReportReporter -->
<testsuite name="TestNG.AjaxControl" tests="1" time="2.243" ignored="0" failures="0" timestamp="16 Jan 2017 19:31:38 GMT" skipped="0" hostname="kaushal" errors="0">
  <testcase name="f" time="2.243" classname="TestNG.AjaxControl"/>
</testsuite> <!-- TestNG.AjaxControl -->
