<?xml version="1.0" encoding="UTF-8"?>
<!-- Generated by org.testng.reporters.JUnitReportReporter -->
<testsuite name="TestNG.NavigateToWindow" tests="1" time="5.770" ignored="0" failures="0" timestamp="28 Dec 2016 16:18:48 GMT" skipped="0" hostname="kaushal" errors="0">
  <testcase name="f" time="5.770" classname="TestNG.NavigateToWindow"/>
</testsuite> <!-- TestNG.NavigateToWindow -->
