<?xml version="1.0" encoding="UTF-8"?>
<!-- Generated by org.testng.reporters.JUnitReportReporter -->
<testsuite name="TestNG.Print_Links" tests="1" time="15.236" ignored="0" failures="0" timestamp="17 Jan 2017 09:36:16 GMT" skipped="0" hostname="kaushal" errors="0">
  <testcase name="f" time="15.236" classname="TestNG.Print_Links"/>
</testsuite> <!-- TestNG.Print_Links -->
