<?xml version="1.0" encoding="UTF-8"?>
<!-- Generated by org.testng.reporters.JUnitReportReporter -->
<testsuite name="TestNG.AjaxControl1" tests="1" time="2.698" ignored="0" failures="0" timestamp="17 Jan 2017 08:33:23 GMT" skipped="0" hostname="kaushal" errors="0">
  <testcase name="f" time="2.698" classname="TestNG.AjaxControl1"/>
</testsuite> <!-- TestNG.AjaxControl1 -->
