<?xml version="1.0" encoding="UTF-8"?>
<!-- Generated by org.testng.reporters.JUnitReportReporter -->
<testsuite name="TestNG.SpiceJet_Currency_converter" tests="2" time="243.313" ignored="0" failures="0" timestamp="28 Dec 2016 13:14:46 GMT" skipped="0" hostname="kaushal" errors="0">
  <testcase name="popup" time="88.730" classname="TestNG.SpiceJet_Currency_converter"/>
  <testcase name="f" time="154.583" classname="TestNG.SpiceJet_Currency_converter"/>
</testsuite> <!-- TestNG.SpiceJet_Currency_converter -->
