<?xml version="1.0" encoding="UTF-8"?>
<!-- Generated by org.testng.reporters.JUnitReportReporter -->
<testsuite name="TestNG.CheckValidation" tests="1" time="6.513" ignored="0" failures="0" timestamp="20 Feb 2017 17:27:52 GMT" skipped="0" hostname="kaushal" errors="0">
  <testcase name="f" time="6.513" classname="TestNG.CheckValidation"/>
</testsuite> <!-- TestNG.CheckValidation -->
