<?xml version="1.0" encoding="UTF-8"?>
<!-- Generated by org.testng.reporters.JUnitReportReporter -->
<testsuite skipped="0" hostname="kaushal" name="TestNG.SpiceJet_Links" tests="1" failures="0" timestamp="21 Apr 2017 15:44:41 GMT" time="6.607" errors="0">
  <testcase name="f" time="6.607" classname="TestNG.SpiceJet_Links"/>
</testsuite> <!-- TestNG.SpiceJet_Links -->
