<?xml version="1.0" encoding="UTF-8"?>
<!-- Generated by org.testng.reporters.JUnitReportReporter -->
<testsuite name="TestNG.AuthenticationWindow" tests="1" time="9.418" ignored="0" failures="0" timestamp="21 Feb 2017 18:43:52 GMT" skipped="0" hostname="kaushal" errors="0">
  <testcase name="f" time="9.418" classname="TestNG.AuthenticationWindow"/>
</testsuite> <!-- TestNG.AuthenticationWindow -->
