<?xml version="1.0" encoding="UTF-8"?>
<!-- Generated by org.testng.reporters.JUnitReportReporter -->
<testsuite skipped="0" hostname="kaushal" name="TestNG.CaptureScreenShot1" tests="1" failures="0" timestamp="24 Apr 2017 09:13:15 GMT" time="3.191" errors="0">
  <testcase name="f" time="3.191" classname="TestNG.CaptureScreenShot1"/>
</testsuite> <!-- TestNG.CaptureScreenShot1 -->
