<?xml version="1.0" encoding="UTF-8"?>
<!-- Generated by org.testng.reporters.JUnitReportReporter -->
<testsuite name="TestNG.CaptureScreenShot" tests="1" time="0.947" ignored="0" failures="0" timestamp="28 Dec 2016 14:10:46 GMT" skipped="0" hostname="kaushal" errors="0">
  <testcase name="f" time="0.947" classname="TestNG.CaptureScreenShot"/>
</testsuite> <!-- TestNG.CaptureScreenShot -->
