<?xml version="1.0" encoding="UTF-8"?>
<!-- Generated by org.testng.reporters.JUnitReportReporter -->
<testsuite skipped="0" hostname="kaushal" name="TestNG.HAndleFrame" tests="1" failures="0" timestamp="20 Apr 2017 12:34:12 GMT" time="41.348" errors="0">
  <testcase name="f" time="41.348" classname="TestNG.HAndleFrame"/>
</testsuite> <!-- TestNG.HAndleFrame -->
