<?xml version="1.0" encoding="UTF-8"?>
<!-- Generated by org.testng.reporters.JUnitReportReporter -->
<testsuite name="TestNG.SpiceJetTC4" tests="1" time="0.585" ignored="0" failures="0" timestamp="02 Feb 2017 13:45:41 GMT" skipped="0" hostname="kaushal" errors="0">
  <testcase name="f" time="0.585" classname="TestNG.SpiceJetTC4"/>
</testsuite> <!-- TestNG.SpiceJetTC4 -->
