<?xml version="1.0" encoding="UTF-8"?>
<!-- Generated by org.testng.reporters.JUnitReportReporter -->
<testsuite name="ERP_SCenario.ERP_ItemMAster" tests="1" time="72.762" ignored="0" failures="0" timestamp="07 Feb 2017 08:55:18 GMT" skipped="0" hostname="kaushal" errors="0">
  <testcase name="f" time="72.762" classname="ERP_SCenario.ERP_ItemMAster"/>
</testsuite> <!-- ERP_SCenario.ERP_ItemMAster -->
