<?xml version="1.0" encoding="UTF-8"?>
<!-- Generated by org.testng.reporters.JUnitReportReporter -->
<testsuite name="DataDriven.CreateHTML" tests="1" time="0.023" ignored="0" failures="0" timestamp="02 Feb 2017 05:24:21 GMT" skipped="0" hostname="kaushal" errors="0">
  <testcase name="f" time="0.023" classname="DataDriven.CreateHTML"/>
</testsuite> <!-- DataDriven.CreateHTML -->
