<?xml version="1.0" encoding="UTF-8"?>
<!-- Generated by org.testng.reporters.JUnitReportReporter -->
<testsuite skipped="0" hostname="kaushal" name="DataDriven.HMSPR_Retesting" tests="1" failures="0" timestamp="16 Oct 2017 11:44:34 GMT" time="88.050" errors="0">
  <testcase name="f" time="88.050" classname="DataDriven.HMSPR_Retesting"/>
</testsuite> <!-- DataDriven.HMSPR_Retesting -->
