<?xml version="1.0" encoding="UTF-8"?>
<!-- Generated by org.testng.reporters.JUnitReportReporter -->
<testsuite name="DataDriven.DriverScript_ReTesting" tests="1" time="75.098" ignored="0" failures="0" timestamp="12 Jan 2017 20:36:59 GMT" skipped="0" hostname="kaushal" errors="0">
  <testcase name="f" time="75.098" classname="DataDriven.DriverScript_ReTesting"/>
</testsuite> <!-- DataDriven.DriverScript_ReTesting -->
