<?xml version="1.0" encoding="UTF-8"?>
<!-- Generated by org.testng.reporters.JUnitReportReporter -->
<testsuite skipped="0" hostname="kaushal" name="DataDriven.HMS_PR1" tests="1" failures="0" timestamp="16 Oct 2017 11:41:09 GMT" time="15.458" errors="0">
  <testcase name="f" time="15.458" classname="DataDriven.HMS_PR1"/>
</testsuite> <!-- DataDriven.HMS_PR1 -->
