<?xml version="1.0" encoding="UTF-8"?>
<!-- Generated by org.testng.reporters.JUnitReportReporter -->
<testsuite name="DataDriven.DriverScript" tests="1" time="2.249" ignored="0" failures="0" timestamp="09 Jan 2017 11:13:55 GMT" skipped="0" hostname="kaushal" errors="0">
  <testcase name="f" time="2.249" classname="DataDriven.DriverScript"/>
</testsuite> <!-- DataDriven.DriverScript -->
