<?xml version="1.0" encoding="UTF-8"?>
<!-- Generated by org.testng.reporters.JUnitReportReporter -->
<testsuite hostname="kaushal" name="WAY2SMS.way2SMS" tests="1" failures="0" timestamp="9 Feb 2017 06:16:25 GMT" time="28.764" errors="0">
  <testcase name="f" time="28.764" classname="WAY2SMS.way2SMS"/>
</testsuite> <!-- WAY2SMS.way2SMS -->
