<?xml version="1.0" encoding="UTF-8"?>
<!-- Generated by org.testng.reporters.JUnitReportReporter -->
<testsuite name="ioStream.PrintAndAddDataToCreateFile" tests="1" time="0.342" ignored="0" failures="0" timestamp="09 Jan 2017 05:42:10 GMT" skipped="0" hostname="kaushal" errors="0">
  <testcase name="f" time="0.342" classname="ioStream.PrintAndAddDataToCreateFile"/>
</testsuite> <!-- ioStream.PrintAndAddDataToCreateFile -->
