<?xml version="1.0" encoding="UTF-8"?>
<!-- Generated by org.testng.reporters.JUnitReportReporter -->
<testsuite name="ioStream.CreateExcel1" tests="1" time="0.486" ignored="0" failures="0" timestamp="09 Jan 2017 05:11:52 GMT" skipped="0" hostname="kaushal" errors="0">
  <testcase name="f" time="0.486" classname="ioStream.CreateExcel1"/>
</testsuite> <!-- ioStream.CreateExcel1 -->
