<?xml version="1.0" encoding="UTF-8"?>
<!-- Generated by org.testng.reporters.JUnitReportReporter -->
<testsuite name="ioStream.ReadData_excel" tests="1" time="0.274" ignored="0" failures="0" timestamp="09 Jan 2017 04:49:41 GMT" skipped="0" hostname="kaushal" errors="0">
  <testcase name="printData" time="0.274" classname="ioStream.ReadData_excel"/>
</testsuite> <!-- ioStream.ReadData_excel -->
