<?xml version="1.0" encoding="UTF-8"?>
<!-- Generated by org.testng.reporters.JUnitReportReporter -->
<testsuite name="ioStream.LoginRetesting_Results" tests="1" time="12.314" ignored="0" failures="0" timestamp="12 Jan 2017 20:38:32 GMT" skipped="0" hostname="kaushal" errors="0">
  <testcase name="f" time="12.314" classname="ioStream.LoginRetesting_Results"/>
</testsuite> <!-- ioStream.LoginRetesting_Results -->
