<?xml version="1.0" encoding="UTF-8"?>
<!-- Generated by org.testng.reporters.JUnitReportReporter -->
<testsuite name="ioStream.LoginRetesting" tests="1" time="23.039" ignored="0" failures="0" timestamp="09 Jan 2017 06:51:58 GMT" skipped="0" hostname="kaushal" errors="0">
  <testcase name="f" time="23.039" classname="ioStream.LoginRetesting"/>
</testsuite> <!-- ioStream.LoginRetesting -->
