<?xml version="1.0" encoding="UTF-8"?>
<!-- Generated by org.testng.reporters.JUnitReportReporter -->
<testsuite name="ERP_TESTNG.Us1115" tests="1" time="30.067" ignored="0" failures="0" timestamp="23 Feb 2017 18:24:56 GMT" skipped="0" hostname="kaushal" errors="0">
  <testcase name="f" time="30.067" classname="ERP_TESTNG.Us1115"/>
</testsuite> <!-- ERP_TESTNG.Us1115 -->
