<?xml version="1.0" encoding="UTF-8"?>
<!-- Generated by org.testng.reporters.JUnitReportReporter -->
<testsuite name="ERP_TESTNG.CreateItemMaster" tests="1" time="35.790" ignored="0" failures="0" timestamp="24 Jan 2017 07:37:46 GMT" skipped="0" hostname="kaushal" errors="0">
  <testcase name="f" time="35.790" classname="ERP_TESTNG.CreateItemMaster"/>
</testsuite> <!-- ERP_TESTNG.CreateItemMaster -->
