<?xml version="1.0" encoding="UTF-8"?>
<!-- Generated by org.testng.reporters.JUnitReportReporter -->
<testsuite name="ERP_TESTNG.US1113" tests="1" time="24.432" ignored="0" failures="0" timestamp="23 Feb 2017 17:25:08 GMT" skipped="0" hostname="kaushal" errors="0">
  <testcase name="f" time="24.432" classname="ERP_TESTNG.US1113"/>
</testsuite> <!-- ERP_TESTNG.US1113 -->
