<?xml version="1.0" encoding="UTF-8"?>
<!-- Generated by org.testng.reporters.JUnitReportReporter -->
<testsuite name="ERP_TESTNG.US1116" tests="1" time="27.036" ignored="0" failures="0" timestamp="23 Feb 2017 18:37:56 GMT" skipped="0" hostname="kaushal" errors="0">
  <testcase name="f" time="27.036" classname="ERP_TESTNG.US1116"/>
</testsuite> <!-- ERP_TESTNG.US1116 -->
