<?xml version="1.0" encoding="UTF-8"?>
<!-- Generated by org.testng.reporters.JUnitReportReporter -->
<testsuite name="ERP_TESTNG.US1101" tests="1" time="14.060" ignored="0" failures="0" timestamp="17 Jan 2017 16:56:15 GMT" skipped="0" hostname="kaushal" errors="0">
  <testcase name="f" time="14.060" classname="ERP_TESTNG.US1101"/>
</testsuite> <!-- ERP_TESTNG.US1101 -->
