<?xml version="1.0" encoding="UTF-8"?>
<!-- Generated by org.testng.reporters.JUnitReportReporter -->
<testsuite name="ERP_TESTNG.US1114" tests="1" time="31.299" ignored="0" failures="0" timestamp="23 Feb 2017 18:05:06 GMT" skipped="0" hostname="kaushal" errors="0">
  <testcase name="f" time="31.299" classname="ERP_TESTNG.US1114"/>
</testsuite> <!-- ERP_TESTNG.US1114 -->
