<?xml version="1.0" encoding="UTF-8"?>
<!-- Generated by org.testng.reporters.JUnitReportReporter -->
<testsuite name="ERP_TESTNG.US1103" tests="1" time="3.556" ignored="0" failures="0" timestamp="17 Jan 2017 19:07:55 GMT" skipped="0" hostname="kaushal" errors="0">
  <testcase name="f" time="3.556" classname="ERP_TESTNG.US1103"/>
</testsuite> <!-- ERP_TESTNG.US1103 -->
