<?xml version="1.0" encoding="UTF-8"?>
<!-- Generated by org.testng.reporters.JUnitReportReporter -->
<testsuite name="ERP_TESTNG.HMS_Search" tests="3" time="19.703" ignored="0" failures="0" timestamp="25 Jan 2017 18:41:59 GMT" skipped="0" hostname="kaushal" errors="0">
  <testcase name="test_01" time="12.981" classname="ERP_TESTNG.HMS_Search"/>
  <testcase name="test_02" time="4.122" classname="ERP_TESTNG.HMS_Search"/>
  <testcase name="test_03" time="2.600" classname="ERP_TESTNG.HMS_Search"/>
</testsuite> <!-- ERP_TESTNG.HMS_Search -->
