<?xml version="1.0" encoding="UTF-8"?>
<!-- Generated by org.testng.reporters.JUnitReportReporter -->
<testsuite hostname="kaushal" name="testng.Open_URL" tests="1" failures="0" timestamp="21 Mar 2017 07:45:21 GMT" time="13.592" errors="0">
  <testcase name="f" time="13.592" classname="testng.Open_URL"/>
</testsuite> <!-- testng.Open_URL -->
