<?xml version="1.0" encoding="UTF-8"?>
<!-- Generated by org.testng.reporters.JUnitReportReporter -->
<testsuite skipped="0" hostname="kaushal" name="Scroll.UntrustedCertificate" tests="1" failures="0" timestamp="14 Apr 2017 18:39:12 GMT" time="0.015" errors="0">
  <testcase name="f" time="0.015" classname="Scroll.UntrustedCertificate"/>
</testsuite> <!-- Scroll.UntrustedCertificate -->
