<?xml version="1.0" encoding="UTF-8"?>
<!-- Generated by org.testng.reporters.JUnitReportReporter -->
<testsuite hostname="kaushal" name="testng.Open_URL" tests="1" failures="0" timestamp="21 Mar 2017 07:44:26 GMT" time="28.663" errors="0">
  <testcase name="f" time="28.663" classname="testng.Open_URL"/>
</testsuite> <!-- testng.Open_URL -->
