<?xml version="1.0" encoding="UTF-8"?>
<!-- Generated by org.testng.reporters.JUnitReportReporter -->
<testsuite name="SIKULIAPP.SIkuliSample" tests="1" time="1.575" ignored="0" failures="0" timestamp="21 Jan 2017 08:04:16 GMT" skipped="0" hostname="kaushal" errors="0">
  <testcase name="f" time="1.575" classname="SIKULIAPP.SIkuliSample"/>
</testsuite> <!-- SIKULIAPP.SIkuliSample -->
