<?xml version="1.0" encoding="UTF-8"?>
<!-- Generated by org.testng.reporters.JUnitReportReporter -->
<testsuite skipped="0" hostname="DESKTOP-CARLRT7" name="udemyProject.FacebookURL" tests="1" failures="0" timestamp="27 Jun 2018 18:07:22 GMT" time="20.356" errors="0">
  <testcase name="f" time="20.356" classname="udemyProject.FacebookURL"/>
</testsuite> <!-- udemyProject.FacebookURL -->
