<?xml version="1.0" encoding="UTF-8"?>
<!-- Generated by org.testng.reporters.JUnitReportReporter -->
<testsuite skipped="1" hostname="DESKTOP-CARLRT7" name="udemyProject.NewTest" tests="4" failures="0" timestamp="23 Jun 2018 17:48:23 GMT" time="5.438" errors="0">
  <testcase name="BTest" time="0.163" classname="udemyProject.NewTest"/>
  <testcase name="CTest" time="5.116" classname="udemyProject.NewTest"/>
  <testcase name="ATest" time="0.159" classname="udemyProject.NewTest"/>
  <testcase name="DTest" classname="udemyProject.NewTest">
    <skipped/>
  </testcase> <!-- DTest -->
</testsuite> <!-- udemyProject.NewTest -->
