<?xml version="1.0" encoding="UTF-8"?>
<!-- Generated by org.testng.reporters.JUnitReportReporter -->
<testsuite skipped="0" hostname="DESKTOP-CARLRT7" name="udemyProject.LinitingWebDriver" tests="1" failures="0" timestamp="09 Jun 2018 08:36:54 GMT" time="65.877" errors="0">
  <testcase name="f" time="65.877" classname="udemyProject.LinitingWebDriver"/>
</testsuite> <!-- udemyProject.LinitingWebDriver -->
