<?xml version="1.0" encoding="UTF-8"?>
<!-- Generated by org.testng.reporters.JUnitReportReporter -->
<testsuite skipped="0" hostname="DESKTOP-CARLRT7" name="udemyProject.Calender" tests="1" failures="0" timestamp="09 Jun 2018 15:06:48 GMT" time="2.843" errors="0">
  <testcase name="f" time="2.843" classname="udemyProject.Calender"/>
</testsuite> <!-- udemyProject.Calender -->
