<?xml version="1.0" encoding="UTF-8"?>
<!-- Generated by org.testng.reporters.JUnitReportReporter -->
<testsuite skipped="0" hostname="DESKTOP-CARLRT7" name="POM.TestGuru99Login" tests="1" failures="0" timestamp="26 Jun 2018 16:49:54 GMT" time="2.304" errors="0">
  <testcase name="f" time="2.304" classname="POM.TestGuru99Login"/>
</testsuite> <!-- POM.TestGuru99Login -->
