<?xml version="1.0" encoding="UTF-8"?>
<!-- Generated by org.testng.reporters.JUnitReportReporter -->
<testsuite skipped="0" hostname="DESKTOP-CARLRT7" name="udemyProject.AllLinks" tests="1" failures="0" timestamp="09 Jun 2018 05:58:54 GMT" time="0.054" errors="0">
  <testcase name="f" time="0.054" classname="udemyProject.AllLinks"/>
</testsuite> <!-- udemyProject.AllLinks -->
