<?xml version="1.0" encoding="UTF-8"?>
<!-- Generated by org.testng.reporters.JUnitReportReporter -->
<testsuite skipped="0" hostname="DESKTOP-CARLRT7" name="udemyProject.def" tests="1" failures="0" timestamp="23 Jun 2018 17:26:47 GMT" time="1.198" errors="0">
  <testcase name="Btest" time="1.198" classname="udemyProject.def"/>
</testsuite> <!-- udemyProject.def -->
