<?xml version="1.0" encoding="UTF-8"?>
<!-- Generated by org.testng.reporters.JUnitReportReporter -->
<testsuite hostname="kaushal" name="testScripts.SpiceJetTC5Scenario" tests="1" failures="0" timestamp="8 Feb 2017 07:40:08 GMT" time="33.789" errors="0">
  <testcase name="f" time="33.789" classname="testScripts.SpiceJetTC5Scenario"/>
</testsuite> <!-- testScripts.SpiceJetTC5Scenario -->
