<?xml version="1.0" encoding="UTF-8"?>
<!-- Generated by org.testng.reporters.JUnitReportReporter -->
<testsuite hostname="kaushal" name="testScripts.ERP_LoginScenario" tests="1" failures="0" timestamp="1 Apr 2017 08:17:45 GMT" time="31.125" errors="0">
  <testcase name="f" time="31.125" classname="testScripts.ERP_LoginScenario"/>
</testsuite> <!-- testScripts.ERP_LoginScenario -->
