<?xml version="1.0" encoding="UTF-8"?>
<!-- Generated by org.testng.reporters.JUnitReportReporter -->
<testsuite hostname="HW1735" name="com.testScripts.Gmail_TestScenario1" tests="1" failures="0" timestamp="22 Dec 2016 11:23:17 GMT" time="21.925" errors="0">
  <testcase name="f" time="21.925" classname="com.testScripts.Gmail_TestScenario1"/>
</testsuite> <!-- com.testScripts.Gmail_TestScenario1 -->
