<?xml version="1.0" encoding="UTF-8"?>
<!-- Generated by org.testng.reporters.JUnitReportReporter -->
<testsuite hostname="kaushal" name="testScripts.HMSEmergencyScenario" tests="1" failures="0" timestamp="23 Mar 2017 07:32:43 GMT" time="99.943" errors="0">
  <testcase name="f" time="99.943" classname="testScripts.HMSEmergencyScenario"/>
</testsuite> <!-- testScripts.HMSEmergencyScenario -->
