<?xml version="1.0" encoding="UTF-8"?>
<!-- Generated by org.testng.reporters.JUnitReportReporter -->
<testsuite hostname="kaushal" name="testScripts.SpiceJetTC3Scenario" tests="1" failures="0" timestamp="2 Feb 2017 14:14:14 GMT" time="21.176" errors="0">
  <testcase name="f" time="21.176" classname="testScripts.SpiceJetTC3Scenario"/>
</testsuite> <!-- testScripts.SpiceJetTC3Scenario -->
