<?xml version="1.0" encoding="UTF-8"?>
<!-- Generated by org.testng.reporters.JUnitReportReporter -->
<testsuite hostname="kaushal" name="testScripts.PrintAllInventoryfieldScenario" tests="1" failures="0" timestamp="25 Jan 2017 07:36:29 GMT" time="336.616" errors="0">
  <testcase name="f" time="336.616" classname="testScripts.PrintAllInventoryfieldScenario"/>
</testsuite> <!-- testScripts.PrintAllInventoryfieldScenario -->
