<?xml version="1.0" encoding="UTF-8"?>
<!-- Generated by org.testng.reporters.JUnitReportReporter -->
<testsuite hostname="kaushal" name="ERP_Login.ERP_login" tests="1" failures="0" timestamp="24 Jan 2017 06:13:28 GMT" time="11.727" errors="0">
  <testcase name="f" time="11.727" classname="ERP_Login.ERP_login"/>
</testsuite> <!-- ERP_Login.ERP_login -->
