<?xml version="1.0" encoding="UTF-8"?>
<!-- Generated by org.testng.reporters.JUnitReportReporter -->
<testsuite hostname="kaushal" name="ERP_Login.CreateItemMaster" tests="1" failures="0" timestamp="25 Jun 2017 11:09:33 GMT" time="35.346" errors="0">
  <testcase name="f" time="35.346" classname="ERP_Login.CreateItemMaster"/>
</testsuite> <!-- ERP_Login.CreateItemMaster -->
