<?xml version="1.0" encoding="UTF-8"?>
<!-- Generated by org.testng.reporters.JUnitReportReporter -->
<testsuite hostname="kaushal" name="HMS_Scenario.HMS_Login" tests="2" failures="0" timestamp="24 Apr 2017 16:31:47 GMT" time="4.581" errors="0">
  <testcase name="f" time="1.736" classname="HMS_Scenario.HMS_Login"/>
  <testcase name="f" time="2.845" classname="HMS_Scenario.HMS_Login"/>
</testsuite> <!-- HMS_Scenario.HMS_Login -->
