<?xml version="1.0" encoding="UTF-8"?>
<!-- Generated by org.testng.reporters.JUnitReportReporter -->
<testsuite hostname="kaushal" name="HMS_Scenario.HMS_FeedBack" tests="1" failures="0" timestamp="7 Feb 2017 05:16:50 GMT" time="17.733" errors="0">
  <testcase name="f" time="17.733" classname="HMS_Scenario.HMS_FeedBack"/>
</testsuite> <!-- HMS_Scenario.HMS_FeedBack -->
